<?xml version="1.0" encoding="UTF-8"?>
<!-- Generated by org.testng.reporters.JUnitReportReporter -->
<testsuite hostname="ubunturk" failures="1" tests="6" name="CucumberTest" time="127.688" errors="0" timestamp="02 Apr 2019 17:49:50 GMT" skipped="0">
  <testcase classname="CucumberTest" name="runScenario" time="47.539"/>
  <testcase classname="CucumberTest" name="runScenario" time="12.519"/>
  <testcase classname="CucumberTest" name="runScenario" time="12.500">
    <failure message="expected:&lt;[Failed Scenario]&gt; but was:&lt;[Lütfen email adresinizi giriniz.]&gt;" type="org.junit.ComparisonFailure">
      <![CDATA[org.junit.ComparisonFailure: expected:<[Failed Scenario]> but was:<[Lütfen email adresinizi giriniz.]>
at org.junit.Assert.assertEquals(Assert.java:117)
at org.junit.Assert.assertEquals(Assert.java:146)
at steps.LoginSteps.checkThe(LoginSteps.java:92)
at ✽.Check the "Failed Scenario"(file:src/test/java/features/Login.feature:21)
]]>
    </failure>
  </testcase> <!-- runScenario -->
  <testcase classname="CucumberTest" name="runScenario" time="30.093"/>
  <testcase classname="CucumberTest" name="runScenario" time="12.057"/>
  <testcase classname="CucumberTest" name="runScenario" time="12.980"/>
</testsuite> <!-- CucumberTest -->
