<?xml version="1.0" encoding="UTF-8"?>
<!-- Generated by org.testng.reporters.JUnitReportReporter -->
<testsuite hostname="ubunturk" failures="0" tests="1" name="FirstTest" time="13.749" errors="0" timestamp="02 Apr 2019 17:04:47 GMT" skipped="0">
  <testcase classname="FirstTest" name="myTest" time="13.749"/>
</testsuite> <!-- FirstTest -->
