<?xml version="1.0" encoding="UTF-8"?>
<!-- Generated by org.testng.reporters.JUnitReportReporter -->
<testsuite hostname="ubunturk" failures="0" tests="1" name="FirstTest" time="10.583" errors="0" timestamp="02 Apr 2019 17:49:50 GMT" skipped="0">
  <testcase classname="FirstTest" name="myTest" time="10.583"/>
</testsuite> <!-- FirstTest -->
