<?xml version="1.0" encoding="UTF-8"?>
<!-- Generated by org.testng.reporters.JUnitReportReporter -->
<testsuite hostname="ubunturk" failures="0" tests="1" name="SecondTest" time="9.559" errors="0" timestamp="02 Apr 2019 17:49:50 GMT" skipped="0">
  <testcase classname="SecondTest" name="myTest" time="9.559"/>
</testsuite> <!-- SecondTest -->
