<?xml version="1.0" encoding="UTF-8"?>
<!-- Generated by org.testng.reporters.JUnitReportReporter -->
<testsuite hostname="ubunturk" failures="0" tests="1" name="ThirdTest" time="14.686" errors="0" timestamp="02 Apr 2019 17:49:50 GMT" skipped="0">
  <testcase classname="ThirdTest" name="myTest" time="14.686"/>
</testsuite> <!-- ThirdTest -->
